[Sat, 19 Mar 2022 11:32:10 GMT] DELETE /deleteUser status:500 {}
[Sat, 19 Mar 2022 11:39:02 GMT] DELETE /deleteUser status:500 {}
[Sat, 19 Mar 2022 11:40:16 GMT] DELETE /deleteUser status:500 {}
[Sat, 19 Mar 2022 11:41:23 GMT] DELETE /deleteUser status:200 {"id":2}
[Sat, 19 Mar 2022 11:44:50 GMT] POST /login status:200 {"email":"userone@gmail.com","password":"12345678"}
[Sat, 19 Mar 2022 11:45:15 GMT] DELETE /deleteUser status:200 {"id":3}
[Sat, 19 Mar 2022 11:45:51 GMT] POST /login status:404 {"email":"userone@gmail.com","password":"12345678"}
[Sat, 19 Mar 2022 11:47:00 GMT] POST /login status:404 {"email":"usertwo@gmail.com","password":"12345678"}
[Sat, 19 Mar 2022 11:48:47 GMT] POST /login status:404 {"email":"newuser@gmail.com","password":"12345678"}
[Sat, 19 Mar 2022 11:50:26 GMT] PATCH /patchUser status:404 {"name":"new user","email":"newuser@gmail.com","phoneNo":"08233245454","id":3}
[Sat, 19 Mar 2022 12:52:41 GMT] POST /signup status:200 {"name":"user one","email":"userone@gmail.com","phoneNo":"082334546736","nationalId":"1234567890112233445566","password":"12345678"}
[Sat, 19 Mar 2022 12:53:14 GMT] POST /login status:200 {"email":"userone@gmail.com","password":"12345678"}
[Sat, 19 Mar 2022 12:54:08 GMT] PATCH /patchUser status:404 {"name":"user three","email":"userthree@gmail.com","password":"123456789","phoneNo":"08233245454","id":9}
[Sat, 19 Mar 2022 12:55:17 GMT] PATCH /patchUser status:404 {"name":"user three","email":"userthree@gmail.com","password":"123456789","phoneNo":"08233245454","id":9}
[Sat, 19 Mar 2022 12:56:03 GMT] PATCH /patchUser status:404 {"name":"user three","email":"userthree@gmail.com","password":"123456789","phoneNo":"08233245454","id":9}
[Sat, 19 Mar 2022 12:56:52 GMT] PATCH /patchUser status:404 {"name":"user three","email":"userthree@gmail.com","password":"123456789","phoneNo":"08233245454","id":9}
[Sat, 19 Mar 2022 12:58:38 GMT] PATCH /patchUser status:200 {"name":"user three","email":"userthree@gmail.com","password":"123456789","phoneNo":"08233245454","id":9}
[Sat, 19 Mar 2022 12:59:12 GMT] POST /login status:200 {"email":"userthree@gmail.com","password":"123456789"}
[Sat, 19 Mar 2022 12:59:18 GMT] POST /login status:404 {"email":"userthree@gmail.com","password":"12345678"}
[Sat, 19 Mar 2022 12:59:24 GMT] POST /login status:200 {"email":"userthree@gmail.com","password":"123456789"}
[Sun, 20 Mar 2022 07:39:34 GMT] POST /login status:200 {"email":"userthree@gmail.com","password":"123456789"}
[Sun, 20 Mar 2022 07:40:03 GMT] DELETE /deleteUser status:200 {"id":9}
